[debug] [2020-10-29T17:52:57.808Z] ----------------------------------------------------------------------
[debug] [2020-10-29T17:52:57.809Z] Command:       C:\Program Files\nodejs\node.exe C:\Users\hcoll\AppData\Roaming\npm\node_modules\firebase-tools\lib\bin\firebase.js emulators:start
[debug] [2020-10-29T17:52:57.809Z] CLI Version:   8.14.0
[debug] [2020-10-29T17:52:57.809Z] Platform:      win32
[debug] [2020-10-29T17:52:57.809Z] Node Version:  v14.13.1
[debug] [2020-10-29T17:52:57.810Z] Time:          Thu Oct 29 2020 19:52:57 GMT+0200 (Eastern European Standard Time)
[debug] [2020-10-29T17:52:57.810Z] ----------------------------------------------------------------------
[debug] [2020-10-29T17:52:57.810Z] 
[debug] [2020-10-29T17:52:57.815Z] > command requires scopes: ["email","openid","https://www.googleapis.com/auth/cloudplatformprojects.readonly","https://www.googleapis.com/auth/firebase","https://www.googleapis.com/auth/cloud-platform"]
[debug] [2020-10-29T17:52:57.816Z] > authorizing via signed-in user
[info] i  emulators: Starting emulators: functions, firestore, hosting {"metadata":{"emulator":{"name":"hub"},"message":"Starting emulators: functions, firestore, hosting"}}
[debug] [2020-10-29T17:52:57.831Z] [hub] writing locator at C:\Users\hcoll\AppData\Local\Temp\hub-frostgalaxy.json
[warn] !  functions: The following emulators are not running, calls to these services from the Functions emulator will affect production: auth, database, pubsub {"metadata":{"emulator":{"name":"functions"},"message":"The following emulators are not running, calls to these services from the Functions emulator will affect production: \u001b[1mauth, database, pubsub\u001b[22m"}}
[warn] !  Your requested "node" version "12" doesn't match your global version "14" {"metadata":{"emulator":{"name":"functions"},"message":"Your requested \"node\" version \"12\" doesn't match your global version \"14\""}}
[debug] [2020-10-29T17:52:57.855Z] defaultcredentials: writing to file C:\Users\hcoll\AppData\Roaming\firebase\hcollin78_gmail_com_application_default_credentials.json
[debug] [2020-10-29T17:52:57.856Z] Setting GAC to C:\Users\hcoll\AppData\Roaming\firebase\hcollin78_gmail_com_application_default_credentials.json {"metadata":{"emulator":{"name":"functions"},"message":"Setting GAC to C:\\Users\\hcoll\\AppData\\Roaming\\firebase\\hcollin78_gmail_com_application_default_credentials.json"}}
[debug] [2020-10-29T17:52:57.862Z] Ignoring unsupported arg: projectId {"metadata":{"emulator":{"name":"firestore"},"message":"Ignoring unsupported arg: projectId"}}
[debug] [2020-10-29T17:52:57.862Z] Ignoring unsupported arg: auto_download {"metadata":{"emulator":{"name":"firestore"},"message":"Ignoring unsupported arg: auto_download"}}
[debug] [2020-10-29T17:52:57.862Z] Starting Firestore Emulator with command {"binary":"java","args":["-Duser.language=en","-jar","C:\\Users\\hcoll\\.cache\\firebase\\emulators\\cloud-firestore-emulator-v1.11.9.jar","--host","localhost","--port",8080,"--rules","C:\\code\\simplestars\\firestore.rules","--functions_emulator","localhost:5002"],"optionalArgs":["port","webchannel_port","host","rules","functions_emulator","seed_from_export"],"joinArgs":false} {"metadata":{"emulator":{"name":"firestore"},"message":"Starting Firestore Emulator with command {\"binary\":\"java\",\"args\":[\"-Duser.language=en\",\"-jar\",\"C:\\\\Users\\\\hcoll\\\\.cache\\\\firebase\\\\emulators\\\\cloud-firestore-emulator-v1.11.9.jar\",\"--host\",\"localhost\",\"--port\",8080,\"--rules\",\"C:\\\\code\\\\simplestars\\\\firestore.rules\",\"--functions_emulator\",\"localhost:5002\"],\"optionalArgs\":[\"port\",\"webchannel_port\",\"host\",\"rules\",\"functions_emulator\",\"seed_from_export\"],\"joinArgs\":false}"}}
[info] i  firestore: Firestore Emulator logging to firestore-debug.log {"metadata":{"emulator":{"name":"firestore"},"message":"Firestore Emulator logging to \u001b[1mfirestore-debug.log\u001b[22m"}}
[debug] [2020-10-29T17:52:58.560Z] API endpoint: http://localhost: {"metadata":{"emulator":{"name":"firestore"},"message":"API endpoint: http://localhost:"}}
[debug] [2020-10-29T17:52:58.560Z] 8080
If you are using a library that supports the FIRESTORE_EMULATOR_HOST environment variable, run:

   export FIRESTORE_EMULATOR_HOST=localhost:8080

Dev App Server is now running.

 {"metadata":{"emulator":{"name":"firestore"},"message":"8080\nIf you are using a library that supports the FIRESTORE_EMULATOR_HOST environment variable, run:\r\n\n   export FIRESTORE_EMULATOR_HOST=localhost:8080\n\nDev App Server is now running.\n\r\n"}}
[debug] [2020-10-29T17:52:58.633Z] > refreshing access token with scopes: ["email","https://www.googleapis.com/auth/cloud-platform","https://www.googleapis.com/auth/cloudplatformprojects.readonly","https://www.googleapis.com/auth/firebase","openid"]
[debug] [2020-10-29T17:52:58.633Z] >>> HTTP REQUEST POST https://www.googleapis.com/oauth2/v3/token  
 <request body omitted>
[debug] [2020-10-29T17:52:58.726Z] <<< HTTP RESPONSE 200 {"date":"Thu, 29 Oct 2020 17:52:56 GMT","pragma":"no-cache","expires":"Mon, 01 Jan 1990 00:00:00 GMT","cache-control":"no-cache, no-store, max-age=0, must-revalidate","content-type":"application/json; charset=utf-8","vary":"X-Origin, Referer, Origin,Accept-Encoding","server":"scaffolding on HTTPServer2","x-xss-protection":"0","x-frame-options":"SAMEORIGIN","x-content-type-options":"nosniff","alt-svc":"h3-Q050=\":443\"; ma=2592000,h3-29=\":443\"; ma=2592000,h3-T051=\":443\"; ma=2592000,h3-T050=\":443\"; ma=2592000,h3-Q046=\":443\"; ma=2592000,h3-Q043=\":443\"; ma=2592000,quic=\":443\"; ma=2592000; v=\"46,43\"","accept-ranges":"none","transfer-encoding":"chunked"}
[debug] [2020-10-29T17:52:58.730Z] >>> HTTP REQUEST GET https://firebase.googleapis.com/v1beta1/projects/frostgalaxy/webApps/-/config  
 
[debug] [2020-10-29T17:52:59.688Z] <<< HTTP RESPONSE 200 {"content-type":"application/json; charset=UTF-8","vary":"X-Origin, Referer, Origin,Accept-Encoding","date":"Thu, 29 Oct 2020 17:52:57 GMT","server":"ESF","cache-control":"private","x-xss-protection":"0","x-frame-options":"SAMEORIGIN","x-content-type-options":"nosniff","alt-svc":"h3-Q050=\":443\"; ma=2592000,h3-29=\":443\"; ma=2592000,h3-T051=\":443\"; ma=2592000,h3-T050=\":443\"; ma=2592000,h3-Q046=\":443\"; ma=2592000,h3-Q043=\":443\"; ma=2592000,quic=\":443\"; ma=2592000; v=\"46,43\"","accept-ranges":"none","transfer-encoding":"chunked"}
[info] i  hosting: Serving hosting files from: dist {"metadata":{"emulator":{"name":"hosting"},"message":"Serving hosting files from: \u001b[1mdist\u001b[22m"}}
[info] +  hosting: Local server: http://localhost:5000 {"metadata":{"emulator":{"name":"hosting"},"message":"Local server: \u001b[4m\u001b[1mhttp://localhost:5000\u001b[22m\u001b[24m"}}
[debug] [2020-10-29T17:52:59.707Z] Ignoring unsupported arg: auto_download {"metadata":{"emulator":{"name":"ui"},"message":"Ignoring unsupported arg: auto_download"}}
[debug] [2020-10-29T17:52:59.707Z] Ignoring unsupported arg: port {"metadata":{"emulator":{"name":"ui"},"message":"Ignoring unsupported arg: port"}}
[debug] [2020-10-29T17:52:59.707Z] Starting Emulator UI with command {"binary":"node","args":["C:\\Users\\hcoll\\.cache\\firebase\\emulators\\ui-v1.2.2\\server.bundle.js"],"optionalArgs":[],"joinArgs":false} {"metadata":{"emulator":{"name":"ui"},"message":"Starting Emulator UI with command {\"binary\":\"node\",\"args\":[\"C:\\\\Users\\\\hcoll\\\\.cache\\\\firebase\\\\emulators\\\\ui-v1.2.2\\\\server.bundle.js\"],\"optionalArgs\":[],\"joinArgs\":false}"}}
[info] i  ui: Emulator UI logging to ui-debug.log {"metadata":{"emulator":{"name":"ui"},"message":"Emulator UI logging to \u001b[1mui-debug.log\u001b[22m"}}
[debug] [2020-10-29T17:52:59.794Z] Web / API server started at http://localhost:5050
 {"metadata":{"emulator":{"name":"ui"},"message":"Web / API server started at http://localhost:5050\n"}}
[info] i  functions: Watching "C:\code\simplestars\functions" for Cloud Functions... {"metadata":{"emulator":{"name":"functions"},"message":"Watching \"C:\\code\\simplestars\\functions\" for Cloud Functions..."}}
[debug] [2020-10-29T17:52:59.977Z] [worker-pool] addWorker(~diagnostic~) {"metadata":{"emulator":{"name":"functions"},"message":"[worker-pool] addWorker(~diagnostic~)"}}
[debug] [2020-10-29T17:52:59.977Z] [worker-pool] Adding worker with key ~diagnostic~, total=1 {"metadata":{"emulator":{"name":"functions"},"message":"[worker-pool] Adding worker with key ~diagnostic~, total=1"}}
[debug] [2020-10-29T17:52:59.977Z] [worker-pool] submitWork(triggerId=) {"metadata":{"emulator":{"name":"functions"},"message":"[worker-pool] submitWork(triggerId=)"}}
[debug] [2020-10-29T17:52:59.977Z] [worker-~diagnostic~-1cc579a5-99a7-4137-aa21-2f84561fb684]: Assigning socketPath: \\?\pipe\C:\code\simplestars\functions\11676 {"metadata":{"emulator":{"name":"functions"},"message":"[worker-~diagnostic~-1cc579a5-99a7-4137-aa21-2f84561fb684]: Assigning socketPath: \\\\?\\pipe\\C:\\code\\simplestars\\functions\\11676"}}
[debug] [2020-10-29T17:52:59.978Z] [worker-~diagnostic~-1cc579a5-99a7-4137-aa21-2f84561fb684]: BUSY {"metadata":{"emulator":{"name":"functions"},"message":"[worker-~diagnostic~-1cc579a5-99a7-4137-aa21-2f84561fb684]: BUSY"}}
[debug] [2020-10-29T17:53:00.258Z] [runtime-status] [11676] Functions runtime initialized. {"cwd":"C:\\code\\simplestars\\functions","node_version":"14.13.1"} {"metadata":{"emulator":{"name":"functions"},"message":"[runtime-status] [11676] Functions runtime initialized. {\"cwd\":\"C:\\\\code\\\\simplestars\\\\functions\",\"node_version\":\"14.13.1\"}"}}
[debug] [2020-10-29T17:53:00.258Z] [runtime-status] [11676] Disabled runtime features: undefined {"metadata":{"emulator":{"name":"functions"},"message":"[runtime-status] [11676] Disabled runtime features: undefined"}}
[debug] [2020-10-29T17:53:00.262Z] [runtime-status] [11676] Resolved module firebase-admin {"declared":true,"installed":true,"version":"9.3.0","resolution":"C:\\code\\simplestars\\functions\\node_modules\\firebase-admin\\lib\\index.js"} {"metadata":{"emulator":{"name":"functions"},"message":"[runtime-status] [11676] Resolved module firebase-admin {\"declared\":true,\"installed\":true,\"version\":\"9.3.0\",\"resolution\":\"C:\\\\code\\\\simplestars\\\\functions\\\\node_modules\\\\firebase-admin\\\\lib\\\\index.js\"}"}}
[debug] [2020-10-29T17:53:00.263Z] [runtime-status] [11676] Resolved module firebase-functions {"declared":true,"installed":true,"version":"3.11.0","resolution":"C:\\code\\simplestars\\functions\\node_modules\\firebase-functions\\lib\\index.js"} {"metadata":{"emulator":{"name":"functions"},"message":"[runtime-status] [11676] Resolved module firebase-functions {\"declared\":true,\"installed\":true,\"version\":\"3.11.0\",\"resolution\":\"C:\\\\code\\\\simplestars\\\\functions\\\\node_modules\\\\firebase-functions\\\\lib\\\\index.js\"}"}}
[debug] [2020-10-29T17:53:00.265Z] [runtime-status] [11676] Resolved module firebase-functions {"declared":true,"installed":true,"version":"3.11.0","resolution":"C:\\code\\simplestars\\functions\\node_modules\\firebase-functions\\lib\\index.js"} {"metadata":{"emulator":{"name":"functions"},"message":"[runtime-status] [11676] Resolved module firebase-functions {\"declared\":true,\"installed\":true,\"version\":\"3.11.0\",\"resolution\":\"C:\\\\code\\\\simplestars\\\\functions\\\\node_modules\\\\firebase-functions\\\\lib\\\\index.js\"}"}}
[debug] [2020-10-29T17:53:00.266Z] [runtime-status] [11676] Outgoing network have been stubbed. [{"name":"http","status":"mocked"},{"name":"http","status":"mocked"},{"name":"https","status":"mocked"},{"name":"https","status":"mocked"},{"name":"net","status":"mocked"}] {"metadata":{"emulator":{"name":"functions"},"message":"[runtime-status] [11676] Outgoing network have been stubbed. [{\"name\":\"http\",\"status\":\"mocked\"},{\"name\":\"http\",\"status\":\"mocked\"},{\"name\":\"https\",\"status\":\"mocked\"},{\"name\":\"https\",\"status\":\"mocked\"},{\"name\":\"net\",\"status\":\"mocked\"}]"}}
[debug] [2020-10-29T17:53:00.266Z] [runtime-status] [11676] Resolved module firebase-functions {"declared":true,"installed":true,"version":"3.11.0","resolution":"C:\\code\\simplestars\\functions\\node_modules\\firebase-functions\\lib\\index.js"} {"metadata":{"emulator":{"name":"functions"},"message":"[runtime-status] [11676] Resolved module firebase-functions {\"declared\":true,\"installed\":true,\"version\":\"3.11.0\",\"resolution\":\"C:\\\\code\\\\simplestars\\\\functions\\\\node_modules\\\\firebase-functions\\\\lib\\\\index.js\"}"}}
[debug] [2020-10-29T17:53:00.309Z] [runtime-status] [11676] Checked functions.config() {"config":{}} {"metadata":{"emulator":{"name":"functions"},"message":"[runtime-status] [11676] Checked functions.config() {\"config\":{}}"}}
[debug] [2020-10-29T17:53:00.309Z] [runtime-status] [11676] firebase-functions has been stubbed. {"functionsResolution":{"declared":true,"installed":true,"version":"3.11.0","resolution":"C:\\code\\simplestars\\functions\\node_modules\\firebase-functions\\lib\\index.js"}} {"metadata":{"emulator":{"name":"functions"},"message":"[runtime-status] [11676] firebase-functions has been stubbed. {\"functionsResolution\":{\"declared\":true,\"installed\":true,\"version\":\"3.11.0\",\"resolution\":\"C:\\\\code\\\\simplestars\\\\functions\\\\node_modules\\\\firebase-functions\\\\lib\\\\index.js\"}}"}}
[debug] [2020-10-29T17:53:00.310Z] [runtime-status] [11676] Resolved module firebase-functions {"declared":true,"installed":true,"version":"3.11.0","resolution":"C:\\code\\simplestars\\functions\\node_modules\\firebase-functions\\lib\\index.js"} {"metadata":{"emulator":{"name":"functions"},"message":"[runtime-status] [11676] Resolved module firebase-functions {\"declared\":true,\"installed\":true,\"version\":\"3.11.0\",\"resolution\":\"C:\\\\code\\\\simplestars\\\\functions\\\\node_modules\\\\firebase-functions\\\\lib\\\\index.js\"}"}}
[debug] [2020-10-29T17:53:00.311Z] [runtime-status] [11676] Resolved module firebase-admin {"declared":true,"installed":true,"version":"9.3.0","resolution":"C:\\code\\simplestars\\functions\\node_modules\\firebase-admin\\lib\\index.js"} {"metadata":{"emulator":{"name":"functions"},"message":"[runtime-status] [11676] Resolved module firebase-admin {\"declared\":true,\"installed\":true,\"version\":\"9.3.0\",\"resolution\":\"C:\\\\code\\\\simplestars\\\\functions\\\\node_modules\\\\firebase-admin\\\\lib\\\\index.js\"}"}}
[debug] [2020-10-29T17:53:00.311Z] [runtime-status] [11676] Resolved module firebase-functions {"declared":true,"installed":true,"version":"3.11.0","resolution":"C:\\code\\simplestars\\functions\\node_modules\\firebase-functions\\lib\\index.js"} {"metadata":{"emulator":{"name":"functions"},"message":"[runtime-status] [11676] Resolved module firebase-functions {\"declared\":true,\"installed\":true,\"version\":\"3.11.0\",\"resolution\":\"C:\\\\code\\\\simplestars\\\\functions\\\\node_modules\\\\firebase-functions\\\\lib\\\\index.js\"}"}}
[debug] [2020-10-29T17:53:00.311Z] [runtime-status] [11676] firebase-admin has been stubbed. {"adminResolution":{"declared":true,"installed":true,"version":"9.3.0","resolution":"C:\\code\\simplestars\\functions\\node_modules\\firebase-admin\\lib\\index.js"}} {"metadata":{"emulator":{"name":"functions"},"message":"[runtime-status] [11676] firebase-admin has been stubbed. {\"adminResolution\":{\"declared\":true,\"installed\":true,\"version\":\"9.3.0\",\"resolution\":\"C:\\\\code\\\\simplestars\\\\functions\\\\node_modules\\\\firebase-admin\\\\lib\\\\index.js\"}}"}}
[info] 
┌───────────────────────────────────────────────────────────────────────┐
│ ✔  All emulators ready! View status and logs at http://localhost:5050 │
└───────────────────────────────────────────────────────────────────────┘

┌───────────┬────────────────┬─────────────────────────────────┐
│ Emulator  │ Host:Port      │ View in Emulator UI             │
├───────────┼────────────────┼─────────────────────────────────┤
│ Functions │ localhost:5002 │ http://localhost:5050/functions │
├───────────┼────────────────┼─────────────────────────────────┤
│ Firestore │ localhost:8080 │ http://localhost:5050/firestore │
├───────────┼────────────────┼─────────────────────────────────┤
│ Hosting   │ localhost:5000 │ n/a                             │
└───────────┴────────────────┴─────────────────────────────────┘
  Other reserved ports: 4400, 4500

Issues? Report them at https://github.com/firebase/firebase-tools/issues and attach the *-debug.log files.
 
[debug] [2020-10-29T17:53:00.315Z] [worker-~diagnostic~-1cc579a5-99a7-4137-aa21-2f84561fb684]: IDLE {"metadata":{"emulator":{"name":"functions"},"message":"[worker-~diagnostic~-1cc579a5-99a7-4137-aa21-2f84561fb684]: IDLE"}}
